2025-07-30 20:21 +10:00: 
> khang-nd.github.io@2.0.0 start
> next start -p 7100

2025-07-30 20:21 +10:00: 2025-07-30 20:21 +10:00: 2025-07-30 20:21 +10:00: 
> khang-nd.github.io@2.0.0 start
> next start -p 7100

2025-07-30 20:21 +10:00: 2025-07-30 20:21 +10:00: 2025-07-30 20:21 +10:00: 2025-07-30 20:21 +10:00: 
> khang-nd.github.io@2.0.0 start
> next start -p 7100

2025-07-30 20:21 +10:00: 2025-07-30 20:21 +10:00: 2025-07-30 20:21 +10:00: 2025-07-30 20:21 +10:00: 
> khang-nd.github.io@2.0.0 start
> next start -p 7100

2025-07-30 20:21 +10:00: 2025-07-30 20:21 +10:00: 2025-07-30 20:21 +10:00: 2025-07-30 20:21 +10:00: 
> khang-nd.github.io@2.0.0 start
> next start -p 7100

2025-07-30 20:21 +10:00: 2025-07-30 20:21 +10:00: 2025-07-30 20:21 +10:00: 
> khang-nd.github.io@2.0.0 start
> next start -p 7100

2025-07-30 20:21 +10:00: 2025-07-30 20:21 +10:00: 2025-07-30 20:21 +10:00: 2025-07-30 20:21 +10:00: 
> khang-nd.github.io@2.0.0 start
> next start -p 7100

2025-07-30 20:21 +10:00: 2025-07-30 20:21 +10:00: 2025-07-30 20:21 +10:00: 2025-07-30 20:21 +10:00: 
> khang-nd.github.io@2.0.0 start
> next start -p 7100

2025-07-30 20:21 +10:00: 2025-07-30 20:21 +10:00: 2025-07-30 20:21 +10:00: 
> khang-nd.github.io@2.0.0 start
> next start -p 7100

2025-07-30 20:21 +10:00: 2025-07-30 20:21 +10:00: 2025-07-30 20:21 +10:00: 2025-07-30 20:21 +10:00: 
> khang-nd.github.io@2.0.0 start
> next start -p 7100

2025-07-30 20:21 +10:00: 2025-07-30 20:21 +10:00: 2025-07-30 20:21 +10:00: 
> khang-nd.github.io@2.0.0 start
> next start -p 7100

2025-07-30 20:21 +10:00: 2025-07-30 20:21 +10:00: 2025-07-30 20:21 +10:00: 2025-07-30 20:21 +10:00: 
> khang-nd.github.io@2.0.0 start
> next start -p 7100

2025-07-30 20:21 +10:00: 2025-07-30 20:21 +10:00: 2025-07-30 20:21 +10:00: 
> khang-nd.github.io@2.0.0 start
> next start -p 7100

2025-07-30 20:21 +10:00: 2025-07-30 20:21 +10:00: 2025-07-30 20:21 +10:00: 2025-07-30 20:21 +10:00: 
> khang-nd.github.io@2.0.0 start
> next start -p 7100

2025-07-30 20:21 +10:00: 2025-07-30 20:21 +10:00: 2025-07-30 20:21 +10:00: 2025-07-30 20:21 +10:00: 
> khang-nd.github.io@2.0.0 start
> next start -p 7100

2025-07-30 20:21 +10:00: 2025-07-30 20:21 +10:00: 2025-07-30 20:21 +10:00: 2025-07-30 20:21 +10:00: 
> khang-nd.github.io@2.0.0 start
> next start -p 7100

2025-07-30 20:21 +10:00: 2025-07-30 20:21 +10:00: 2025-07-30 20:25 +10:00: 
> khang-nd.github.io@2.0.0 start
> next start -p 7100

2025-07-30 20:25 +10:00: 2025-07-30 20:25 +10:00: 2025-07-30 20:25 +10:00: 
> khang-nd.github.io@2.0.0 start
> next start -p 7100

2025-07-30 20:25 +10:00: 2025-07-30 20:25 +10:00: 2025-07-30 20:25 +10:00: 2025-07-30 20:25 +10:00: 
> khang-nd.github.io@2.0.0 start
> next start -p 7100

2025-07-30 20:25 +10:00: 2025-07-30 20:25 +10:00: 2025-07-30 20:25 +10:00: 2025-07-30 20:25 +10:00: 
> khang-nd.github.io@2.0.0 start
> next start -p 7100

2025-07-30 20:25 +10:00: 2025-07-30 20:25 +10:00: 2025-07-30 20:25 +10:00: 2025-07-30 20:25 +10:00: 
> khang-nd.github.io@2.0.0 start
> next start -p 7100

2025-07-30 20:25 +10:00: 2025-07-30 20:25 +10:00: 2025-07-30 20:25 +10:00: 
> khang-nd.github.io@2.0.0 start
> next start -p 7100

2025-07-30 20:25 +10:00: 2025-07-30 20:25 +10:00: 2025-07-30 20:25 +10:00: 2025-07-30 20:25 +10:00: 
> khang-nd.github.io@2.0.0 start
> next start -p 7100

2025-07-30 20:25 +10:00: 2025-07-30 20:25 +10:00: 2025-07-30 20:25 +10:00: 2025-07-30 20:25 +10:00: 
> khang-nd.github.io@2.0.0 start
> next start -p 7100

2025-07-30 20:25 +10:00: 2025-07-30 20:25 +10:00: 2025-07-30 20:25 +10:00: 2025-07-30 20:25 +10:00: 
> khang-nd.github.io@2.0.0 start
> next start -p 7100

2025-07-30 20:25 +10:00: 2025-07-30 20:25 +10:00: 2025-07-30 20:25 +10:00: 2025-07-30 20:25 +10:00: 
> khang-nd.github.io@2.0.0 start
> next start -p 7100

2025-07-30 20:25 +10:00: 2025-07-30 20:25 +10:00: 2025-07-30 20:25 +10:00: 2025-07-30 20:25 +10:00: 
> khang-nd.github.io@2.0.0 start
> next start -p 7100

2025-07-30 20:25 +10:00: 2025-07-30 20:25 +10:00: 2025-07-30 20:25 +10:00: 2025-07-30 20:25 +10:00: 
> khang-nd.github.io@2.0.0 start
> next start -p 7100

2025-07-30 20:25 +10:00: 2025-07-30 20:25 +10:00: 2025-07-30 20:25 +10:00: 
> khang-nd.github.io@2.0.0 start
> next start -p 7100

2025-07-30 20:25 +10:00: 2025-07-30 20:25 +10:00: 2025-07-30 20:25 +10:00: 2025-07-30 20:25 +10:00: 
> khang-nd.github.io@2.0.0 start
> next start -p 7100

2025-07-30 20:25 +10:00: 2025-07-30 20:25 +10:00: 2025-07-30 20:25 +10:00: 2025-07-30 20:25 +10:00: 
> khang-nd.github.io@2.0.0 start
> next start -p 7100

2025-07-30 20:25 +10:00: 2025-07-30 20:25 +10:00: 2025-07-30 20:25 +10:00: 2025-07-30 20:25 +10:00: 
> khang-nd.github.io@2.0.0 start
> next start -p 7100

2025-07-30 20:25 +10:00: 2025-07-30 20:25 +10:00: 2025-07-30 20:25 +10:00: 2025-07-30 20:27 +10:00: 
> khang-nd.github.io@2.0.0 start
> next start -p 7100

2025-07-30 20:28 +10:00: 2025-07-30 20:28 +10:00: 2025-07-30 20:28 +10:00: 2025-07-30 20:28 +10:00: 
> khang-nd.github.io@2.0.0 start
> next start -p 7100

2025-07-30 20:28 +10:00: 2025-07-30 20:28 +10:00: 2025-07-30 20:28 +10:00: 2025-07-30 20:29 +10:00: 
> khang-nd.github.io@2.0.0 start
> next start -p 7100

2025-07-30 20:29 +10:00: 2025-07-30 20:29 +10:00: 2025-07-30 20:29 +10:00: 
> khang-nd.github.io@2.0.0 dev
> next dev -p 7100

2025-07-30 20:29 +10:00: 2025-07-30 20:29 +10:00: 2025-07-30 20:29 +10:00: 2025-07-30 20:30 +10:00: 
> khang-nd.github.io@2.0.0 dev
> next dev -p 7100

2025-07-30 20:30 +10:00: 2025-07-30 20:30 +10:00: 2025-07-30 20:30 +10:00: 2025-07-30 20:31 +10:00: 
> khang-nd.github.io@2.0.0 dev
> next dev -p 7100

2025-07-30 20:31 +10:00: 2025-07-30 20:31 +10:00: 2025-07-30 20:31 +10:00: 
> khang-nd.github.io@2.0.0 dev
> next dev -p 7100

2025-07-30 20:31 +10:00: 2025-07-30 20:31 +10:00: 2025-07-30 20:31 +10:00: 2025-07-30 20:31 +10:00: 
> khang-nd.github.io@2.0.0 dev
> next dev -p 7100

2025-07-30 20:31 +10:00: 2025-07-30 20:31 +10:00: 2025-07-30 20:31 +10:00: 2025-07-30 20:31 +10:00: 
> khang-nd.github.io@2.0.0 dev
> next dev -p 7100

2025-07-30 20:31 +10:00: 2025-07-30 20:31 +10:00: 2025-07-30 20:31 +10:00: 
> khang-nd.github.io@2.0.0 dev
> next dev -p 7100

2025-07-30 20:31 +10:00: 2025-07-30 20:31 +10:00: 2025-07-30 20:31 +10:00: 
> khang-nd.github.io@2.0.0 dev
> next dev -p 7100

2025-07-30 20:31 +10:00: 2025-07-30 20:31 +10:00: 2025-07-30 20:31 +10:00: 
> khang-nd.github.io@2.0.0 dev
> next dev -p 7100

2025-07-30 20:31 +10:00: 2025-07-30 20:31 +10:00: 2025-07-30 20:31 +10:00: 2025-07-30 20:31 +10:00: 
> khang-nd.github.io@2.0.0 dev
> next dev -p 7100

2025-07-30 20:31 +10:00: 2025-07-30 20:31 +10:00: 2025-07-30 20:31 +10:00: 2025-07-30 20:31 +10:00: 
> khang-nd.github.io@2.0.0 dev
> next dev -p 7100

2025-07-30 20:31 +10:00: 2025-07-30 20:31 +10:00: 2025-07-30 20:31 +10:00: 2025-07-30 20:31 +10:00: 
> khang-nd.github.io@2.0.0 dev
> next dev -p 7100

2025-07-30 20:31 +10:00: 2025-07-30 20:31 +10:00: 2025-07-30 20:31 +10:00: 2025-07-30 20:31 +10:00: 
> khang-nd.github.io@2.0.0 dev
> next dev -p 7100

2025-07-30 20:31 +10:00: 2025-07-30 20:31 +10:00: 2025-07-30 20:31 +10:00: 2025-07-30 20:31 +10:00: 
> khang-nd.github.io@2.0.0 dev
> next dev -p 7100

2025-07-30 20:31 +10:00: 2025-07-30 20:31 +10:00: 2025-07-30 20:31 +10:00: 
> khang-nd.github.io@2.0.0 dev
> next dev -p 7100

2025-07-30 20:31 +10:00: 2025-07-30 20:31 +10:00: 2025-07-30 20:31 +10:00: 2025-07-30 20:31 +10:00: 
> khang-nd.github.io@2.0.0 dev
> next dev -p 7100

2025-07-30 20:31 +10:00: 2025-07-30 20:31 +10:00: 2025-07-30 20:31 +10:00: 2025-07-30 20:31 +10:00: 
> khang-nd.github.io@2.0.0 dev
> next dev -p 7100

2025-07-30 20:31 +10:00: 2025-07-30 20:31 +10:00: 2025-07-30 20:31 +10:00: 
> khang-nd.github.io@2.0.0 dev
> next dev -p 7100

2025-07-30 20:31 +10:00: 2025-07-30 20:31 +10:00: 2025-07-30 20:31 +10:00: 2025-07-30 20:31 +10:00: 
> khang-nd.github.io@2.0.0 dev
> next dev -p 7100

2025-07-30 20:32 +10:00: 2025-07-30 20:32 +10:00: 2025-07-30 20:32 +10:00: 2025-07-30 20:32 +10:00: 
> khang-nd.github.io@2.0.0 dev
> next dev -p 7100

2025-07-30 20:33 +10:00: 2025-07-30 20:33 +10:00: 2025-07-30 20:33 +10:00: 